# JRE version: Java(TM) SE Runtime Environment (8.0_191-b12) (build 1.8.0_191-b12)
# Java VM: Java HotSpot(TM) 64-Bit Server VM (25.191-b12 mixed mode windows-amd64 compressed oops)
Heap:
 PSYoungGen      total 85504K, used 59215K [0x00000000d5f00000, 0x00000000dc500000, 0x0000000100000000)
  eden space 74752K, 64% used [0x00000000d5f00000,0x00000000d8e58b18,0x00000000da800000)
  from space 10752K, 99% used [0x00000000db500000,0x00000000dbf7b250,0x00000000dbf80000)
  to   space 13312K, 0% used [0x00000000da800000,0x00000000da800000,0x00000000db500000)
 ParOldGen       total 62976K, used 29725K [0x0000000081c00000, 0x0000000085980000, 0x00000000d5f00000)
  object space 62976K, 47% used [0x0000000081c00000,0x00000000839074d8,0x0000000085980000)
 Metaspace       used 27446K, capacity 27976K, committed 28080K, reserved 1075200K
  class space    used 3066K, capacity 3228K, committed 3248K, reserved 1048576K
GC Heap History (10 events):
Event: 39.772 GC heap before
{Heap before GC invocations=15 (full 1):
 PSYoungGen      total 52736K, used 50902K [0x00000000d5f00000, 0x00000000da380000, 0x0000000100000000)
  eden space 43520K, 100% used [0x00000000d5f00000,0x00000000d8980000,0x00000000d8980000)
  from space 9216K, 80% used [0x00000000d8980000,0x00000000d90b5b10,0x00000000d9280000)
  to   space 9728K, 0% used [0x00000000d9a00000,0x00000000d9a00000,0x00000000da380000)
 ParOldGen       total 62976K, used 15557K [0x0000000081c00000, 0x0000000085980000, 0x00000000d5f00000)
  object space 62976K, 24% used [0x0000000081c00000,0x0000000082b31468,0x0000000085980000)
 Metaspace       used 24183K, capacity 24650K, committed 24752K, reserved 1071104K
  class space    used 2780K, capacity 2951K, committed 2992K, reserved 1048576K
Event: 39.804 GC heap after
Heap after GC invocations=15 (full 1):
 PSYoungGen      total 60928K, used 4368K [0x00000000d5f00000, 0x00000000da800000, 0x0000000100000000)
  eden space 51200K, 0% used [0x00000000d5f00000,0x00000000d5f00000,0x00000000d9100000)
  from space 9728K, 44% used [0x00000000d9a00000,0x00000000d9e440f8,0x00000000da380000)
  to   space 9216K, 0% used [0x00000000d9100000,0x00000000d9100000,0x00000000d9a00000)
 ParOldGen       total 62976K, used 22532K [0x0000000081c00000, 0x0000000085980000, 0x00000000d5f00000)
  object space 62976K, 35% used [0x0000000081c00000,0x0000000083201178,0x0000000085980000)
 Metaspace       used 24183K, capacity 24650K, committed 24752K, reserved 1071104K
  class space    used 2780K, capacity 2951K, committed 2992K, reserved 1048576K
}
Event: 42.780 GC heap before
{Heap before GC invocations=16 (full 1):
 PSYoungGen      total 60928K, used 55568K [0x00000000d5f00000, 0x00000000da800000, 0x0000000100000000)
  eden space 51200K, 100% used [0x00000000d5f00000,0x00000000d9100000,0x00000000d9100000)
  from space 9728K, 44% used [0x00000000d9a00000,0x00000000d9e440f8,0x00000000da380000)
  to   space 9216K, 0% used [0x00000000d9100000,0x00000000d9100000,0x00000000d9a00000)
 ParOldGen       total 62976K, used 22532K [0x0000000081c00000, 0x0000000085980000, 0x00000000d5f00000)
  object space 62976K, 35% used [0x0000000081c00000,0x0000000083201178,0x0000000085980000)
 Metaspace       used 25385K, capacity 25884K, committed 26160K, reserved 1073152K
  class space    used 2907K, capacity 3082K, committed 3120K, reserved 1048576K
Event: 42.801 GC heap after
Heap after GC invocations=16 (full 1):
 PSYoungGen      total 60416K, used 2370K [0x00000000d5f00000, 0x00000000db080000, 0x0000000100000000)
  eden space 51200K, 0% used [0x00000000d5f00000,0x00000000d5f00000,0x00000000d9100000)
  from space 9216K, 25% used [0x00000000d9100000,0x00000000d93508b0,0x00000000d9a00000)
  to   space 9216K, 0% used [0x00000000da780000,0x00000000da780000,0x00000000db080000)
 ParOldGen       total 62976K, used 26160K [0x0000000081c00000, 0x0000000085980000, 0x00000000d5f00000)
  object space 62976K, 41% used [0x0000000081c00000,0x000000008358c0b8,0x0000000085980000)
 Metaspace       used 25385K, capacity 25884K, committed 26160K, reserved 1073152K
  class space    used 2907K, capacity 3082K, committed 3120K, reserved 1048576K
}
Event: 43.626 GC heap before
{Heap before GC invocations=17 (full 1):
 PSYoungGen      total 60416K, used 53570K [0x00000000d5f00000, 0x00000000db080000, 0x0000000100000000)
  eden space 51200K, 100% used [0x00000000d5f00000,0x00000000d9100000,0x00000000d9100000)
  from space 9216K, 25% used [0x00000000d9100000,0x00000000d93508b0,0x00000000d9a00000)
  to   space 9216K, 0% used [0x00000000da780000,0x00000000da780000,0x00000000db080000)
 ParOldGen       total 62976K, used 26160K [0x0000000081c00000, 0x0000000085980000, 0x00000000d5f00000)
  object space 62976K, 41% used [0x0000000081c00000,0x000000008358c0b8,0x0000000085980000)
 Metaspace       used 25581K, capacity 26184K, committed 26416K, reserved 1073152K
  class space    used 2920K, capacity 3100K, committed 3120K, reserved 1048576K
Event: 43.635 GC heap after
Heap after GC invocations=17 (full 1):
 PSYoungGen      total 73216K, used 1952K [0x00000000d5f00000, 0x00000000db000000, 0x0000000100000000)
  eden space 64512K, 0% used [0x00000000d5f00000,0x00000000d5f00000,0x00000000d9e00000)
  from space 8704K, 22% used [0x00000000da780000,0x00000000da968030,0x00000000db000000)
  to   space 9216K, 0% used [0x00000000d9e00000,0x00000000d9e00000,0x00000000da700000)
 ParOldGen       total 62976K, used 26160K [0x0000000081c00000, 0x0000000085980000, 0x00000000d5f00000)
  object space 62976K, 41% used [0x0000000081c00000,0x000000008358c0b8,0x0000000085980000)
 Metaspace       used 25581K, capacity 26184K, committed 26416K, reserved 1073152K
  class space    used 2920K, capacity 3100K, committed 3120K, reserved 1048576K
}
Event: 45.851 GC heap before
{Heap before GC invocations=18 (full 1):
 PSYoungGen      total 73216K, used 66464K [0x00000000d5f00000, 0x00000000db000000, 0x0000000100000000)
  eden space 64512K, 100% used [0x00000000d5f00000,0x00000000d9e00000,0x00000000d9e00000)
  from space 8704K, 22% used [0x00000000da780000,0x00000000da968030,0x00000000db000000)
  to   space 9216K, 0% used [0x00000000d9e00000,0x00000000d9e00000,0x00000000da700000)
 ParOldGen       total 62976K, used 26160K [0x0000000081c00000, 0x0000000085980000, 0x00000000d5f00000)
  object space 62976K, 41% used [0x0000000081c00000,0x000000008358c0b8,0x0000000085980000)
 Metaspace       used 25776K, capacity 26376K, committed 26416K, reserved 1073152K
  class space    used 2921K, capacity 3100K, committed 3120K, reserved 1048576K
Event: 45.907 GC heap after
Heap after GC invocations=18 (full 1):
 PSYoungGen      total 73728K, used 8730K [0x00000000d5f00000, 0x00000000dbf80000, 0x0000000100000000)
  eden space 64512K, 0% used [0x00000000d5f00000,0x00000000d5f00000,0x00000000d9e00000)
  from space 9216K, 94% used [0x00000000d9e00000,0x00000000da686ae8,0x00000000da700000)
  to   space 10752K, 0% used [0x00000000db500000,0x00000000db500000,0x00000000dbf80000)
 ParOldGen       total 62976K, used 26168K [0x0000000081c00000, 0x0000000085980000, 0x00000000d5f00000)
  object space 62976K, 41% used [0x0000000081c00000,0x000000008358e0b8,0x0000000085980000)
 Metaspace       used 25776K, capacity 26376K, committed 26416K, reserved 1073152K
  class space    used 2921K, capacity 3100K, committed 3120K, reserved 1048576K
}
Event: 46.873 GC heap before
{Heap before GC invocations=19 (full 1):
 PSYoungGen      total 73728K, used 73242K [0x00000000d5f00000, 0x00000000dbf80000, 0x0000000100000000)
  eden space 64512K, 100% used [0x00000000d5f00000,0x00000000d9e00000,0x00000000d9e00000)
  from space 9216K, 94% used [0x00000000d9e00000,0x00000000da686ae8,0x00000000da700000)
  to   space 10752K, 0% used [0x00000000db500000,0x00000000db500000,0x00000000dbf80000)
 ParOldGen       total 62976K, used 26168K [0x0000000081c00000, 0x0000000085980000, 0x00000000d5f00000)
  object space 62976K, 41% used [0x0000000081c00000,0x000000008358e0b8,0x0000000085980000)
 Metaspace       used 25872K, capacity 26440K, committed 26672K, reserved 1073152K
  class space    used 2921K, capacity 3100K, committed 3120K, reserved 1048576K
Event: 46.897 GC heap after
Heap after GC invocations=19 (full 1):
 PSYoungGen      total 85504K, used 10732K [0x00000000d5f00000, 0x00000000dc500000, 0x0000000100000000)
  eden space 74752K, 0% used [0x00000000d5f00000,0x00000000d5f00000,0x00000000da800000)
  from space 10752K, 99% used [0x00000000db500000,0x00000000dbf7b250,0x00000000dbf80000)
  to   space 13312K, 0% used [0x00000000da800000,0x00000000da800000,0x00000000db500000)
 ParOldGen       total 62976K, used 29725K [0x0000000081c00000, 0x0000000085980000, 0x00000000d5f00000)
  object space 62976K, 47% used [0x0000000081c00000,0x00000000839074d8,0x0000000085980000)
 Metaspace       used 25872K, capacity 26440K, committed 26672K, reserved 1073152K
  class space    used 2921K, capacity 3100K, committed 3120K, reserved 1048576K
}

