# JRE version: Java(TM) SE Runtime Environment (8.0_191-b12) (build 1.8.0_191-b12)
# Java VM: Java HotSpot(TM) 64-Bit Server VM (25.191-b12 mixed mode windows-amd64 compressed oops)
Heap:
 PSYoungGen      total 140288K, used 32981K [0x00000000d5f00000, 0x00000000e2f00000, 0x0000000100000000)
  eden space 129024K, 16% used [0x00000000d5f00000,0x00000000d74360d8,0x00000000ddd00000)
  from space 11264K, 99% used [0x00000000ddd00000,0x00000000de7ff3a0,0x00000000de800000)
  to   space 14336K, 0% used [0x00000000e2100000,0x00000000e2100000,0x00000000e2f00000)
 ParOldGen       total 56320K, used 33098K [0x0000000081c00000, 0x0000000085300000, 0x00000000d5f00000)
  object space 56320K, 58% used [0x0000000081c00000,0x0000000083c52858,0x0000000085300000)
 Metaspace       used 27455K, capacity 27972K, committed 28080K, reserved 1075200K
  class space    used 3066K, capacity 3228K, committed 3248K, reserved 1048576K
GC Heap History (10 events):
Event: 33.532 GC heap before
{Heap before GC invocations=10 (full 1):
 PSYoungGen      total 72192K, used 4937K [0x00000000d5f00000, 0x00000000dd200000, 0x0000000100000000)
  eden space 62464K, 0% used [0x00000000d5f00000,0x00000000d5f00000,0x00000000d9c00000)
  from space 9728K, 50% used [0x00000000d9c00000,0x00000000da0d2528,0x00000000da580000)
  to   space 9728K, 0% used [0x00000000dc880000,0x00000000dc880000,0x00000000dd200000)
 ParOldGen       total 87552K, used 8741K [0x0000000081c00000, 0x0000000087180000, 0x00000000d5f00000)
  object space 87552K, 9% used [0x0000000081c00000,0x00000000824897d0,0x0000000087180000)
 Metaspace       used 20906K, capacity 21250K, committed 21296K, reserved 1069056K
  class space    used 2460K, capacity 2583K, committed 2608K, reserved 1048576K
Event: 33.665 GC heap after
Heap after GC invocations=10 (full 1):
 PSYoungGen      total 72192K, used 0K [0x00000000d5f00000, 0x00000000dd200000, 0x0000000100000000)
  eden space 62464K, 0% used [0x00000000d5f00000,0x00000000d5f00000,0x00000000d9c00000)
  from space 9728K, 0% used [0x00000000d9c00000,0x00000000d9c00000,0x00000000da580000)
  to   space 9728K, 0% used [0x00000000dc880000,0x00000000dc880000,0x00000000dd200000)
 ParOldGen       total 56320K, used 11378K [0x0000000081c00000, 0x0000000085300000, 0x00000000d5f00000)
  object space 56320K, 20% used [0x0000000081c00000,0x000000008271cb20,0x0000000085300000)
 Metaspace       used 20906K, capacity 21250K, committed 21296K, reserved 1069056K
  class space    used 2460K, capacity 2583K, committed 2608K, reserved 1048576K
}
Event: 41.263 GC heap before
{Heap before GC invocations=11 (full 1):
 PSYoungGen      total 72192K, used 62464K [0x00000000d5f00000, 0x00000000dd200000, 0x0000000100000000)
  eden space 62464K, 100% used [0x00000000d5f00000,0x00000000d9c00000,0x00000000d9c00000)
  from space 9728K, 0% used [0x00000000d9c00000,0x00000000d9c00000,0x00000000da580000)
  to   space 9728K, 0% used [0x00000000dc880000,0x00000000dc880000,0x00000000dd200000)
 ParOldGen       total 56320K, used 11378K [0x0000000081c00000, 0x0000000085300000, 0x00000000d5f00000)
  object space 56320K, 20% used [0x0000000081c00000,0x000000008271cb20,0x0000000085300000)
 Metaspace       used 22963K, capacity 23330K, committed 23600K, reserved 1071104K
  class space    used 2642K, capacity 2743K, committed 2864K, reserved 1048576K
Event: 41.306 GC heap after
Heap after GC invocations=11 (full 1):
 PSYoungGen      total 99840K, used 9710K [0x00000000d5f00000, 0x00000000dd200000, 0x0000000100000000)
  eden space 90112K, 0% used [0x00000000d5f00000,0x00000000d5f00000,0x00000000db700000)
  from space 9728K, 99% used [0x00000000dc880000,0x00000000dd1fb9c8,0x00000000dd200000)
  to   space 11776K, 0% used [0x00000000dbb00000,0x00000000dbb00000,0x00000000dc680000)
 ParOldGen       total 56320K, used 13880K [0x0000000081c00000, 0x0000000085300000, 0x00000000d5f00000)
  object space 56320K, 24% used [0x0000000081c00000,0x000000008298e070,0x0000000085300000)
 Metaspace       used 22963K, capacity 23330K, committed 23600K, reserved 1071104K
  class space    used 2642K, capacity 2743K, committed 2864K, reserved 1048576K
}
Event: 49.349 GC heap before
{Heap before GC invocations=12 (full 1):
 PSYoungGen      total 99840K, used 99822K [0x00000000d5f00000, 0x00000000dd200000, 0x0000000100000000)
  eden space 90112K, 100% used [0x00000000d5f00000,0x00000000db700000,0x00000000db700000)
  from space 9728K, 99% used [0x00000000dc880000,0x00000000dd1fb9c8,0x00000000dd200000)
  to   space 11776K, 0% used [0x00000000dbb00000,0x00000000dbb00000,0x00000000dc680000)
 ParOldGen       total 56320K, used 13880K [0x0000000081c00000, 0x0000000085300000, 0x00000000d5f00000)
  object space 56320K, 24% used [0x0000000081c00000,0x000000008298e070,0x0000000085300000)
 Metaspace       used 25129K, capacity 25650K, committed 25904K, reserved 1073152K
  class space    used 2877K, capacity 3049K, committed 3120K, reserved 1048576K
Event: 49.418 GC heap after
Heap after GC invocations=12 (full 1):
 PSYoungGen      total 105984K, used 5752K [0x00000000d5f00000, 0x00000000df300000, 0x0000000100000000)
  eden space 94208K, 0% used [0x00000000d5f00000,0x00000000d5f00000,0x00000000dbb00000)
  from space 11776K, 48% used [0x00000000dbb00000,0x00000000dc09e290,0x00000000dc680000)
  to   space 11264K, 0% used [0x00000000de800000,0x00000000de800000,0x00000000df300000)
 ParOldGen       total 56320K, used 23255K [0x0000000081c00000, 0x0000000085300000, 0x00000000d5f00000)
  object space 56320K, 41% used [0x0000000081c00000,0x00000000832b5ed0,0x0000000085300000)
 Metaspace       used 25129K, capacity 25650K, committed 25904K, reserved 1073152K
  class space    used 2877K, capacity 3049K, committed 3120K, reserved 1048576K
}
Event: 52.344 GC heap before
{Heap before GC invocations=13 (full 1):
 PSYoungGen      total 105984K, used 99960K [0x00000000d5f00000, 0x00000000df300000, 0x0000000100000000)
  eden space 94208K, 100% used [0x00000000d5f00000,0x00000000dbb00000,0x00000000dbb00000)
  from space 11776K, 48% used [0x00000000dbb00000,0x00000000dc09e290,0x00000000dc680000)
  to   space 11264K, 0% used [0x00000000de800000,0x00000000de800000,0x00000000df300000)
 ParOldGen       total 56320K, used 23255K [0x0000000081c00000, 0x0000000085300000, 0x00000000d5f00000)
  object space 56320K, 41% used [0x0000000081c00000,0x00000000832b5ed0,0x0000000085300000)
 Metaspace       used 25691K, capacity 26244K, committed 26416K, reserved 1073152K
  class space    used 2922K, capacity 3100K, committed 3120K, reserved 1048576K
Event: 52.381 GC heap after
Heap after GC invocations=13 (full 1):
 PSYoungGen      total 140288K, used 5148K [0x00000000d5f00000, 0x00000000df980000, 0x0000000100000000)
  eden space 129024K, 0% used [0x00000000d5f00000,0x00000000d5f00000,0x00000000ddd00000)
  from space 11264K, 45% used [0x00000000de800000,0x00000000ded07380,0x00000000df300000)
  to   space 11264K, 0% used [0x00000000ddd00000,0x00000000ddd00000,0x00000000de800000)
 ParOldGen       total 56320K, used 27355K [0x0000000081c00000, 0x0000000085300000, 0x00000000d5f00000)
  object space 56320K, 48% used [0x0000000081c00000,0x00000000836b6cc8,0x0000000085300000)
 Metaspace       used 25691K, capacity 26244K, committed 26416K, reserved 1073152K
  class space    used 2922K, capacity 3100K, committed 3120K, reserved 1048576K
}
Event: 56.650 GC heap before
{Heap before GC invocations=14 (full 1):
 PSYoungGen      total 140288K, used 134172K [0x00000000d5f00000, 0x00000000df980000, 0x0000000100000000)
  eden space 129024K, 100% used [0x00000000d5f00000,0x00000000ddd00000,0x00000000ddd00000)
  from space 11264K, 45% used [0x00000000de800000,0x00000000ded07380,0x00000000df300000)
  to   space 11264K, 0% used [0x00000000ddd00000,0x00000000ddd00000,0x00000000de800000)
 ParOldGen       total 56320K, used 27355K [0x0000000081c00000, 0x0000000085300000, 0x00000000d5f00000)
  object space 56320K, 48% used [0x0000000081c00000,0x00000000836b6cc8,0x0000000085300000)
 Metaspace       used 27018K, capacity 27524K, committed 27568K, reserved 1073152K
  class space    used 3062K, capacity 3228K, committed 3248K, reserved 1048576K
Event: 56.682 GC heap after
Heap after GC invocations=14 (full 1):
 PSYoungGen      total 140288K, used 11260K [0x00000000d5f00000, 0x00000000e2f00000, 0x0000000100000000)
  eden space 129024K, 0% used [0x00000000d5f00000,0x00000000d5f00000,0x00000000ddd00000)
  from space 11264K, 99% used [0x00000000ddd00000,0x00000000de7ff3a0,0x00000000de800000)
  to   space 14336K, 0% used [0x00000000e2100000,0x00000000e2100000,0x00000000e2f00000)
 ParOldGen       total 56320K, used 33098K [0x0000000081c00000, 0x0000000085300000, 0x00000000d5f00000)
  object space 56320K, 58% used [0x0000000081c00000,0x0000000083c52858,0x0000000085300000)
 Metaspace       used 27018K, capacity 27524K, committed 27568K, reserved 1073152K
  class space    used 3062K, capacity 3228K, committed 3248K, reserved 1048576K
}

