# JRE version: Java(TM) SE Runtime Environment (8.0_191-b12) (build 1.8.0_191-b12)
# Java VM: Java HotSpot(TM) 64-Bit Server VM (25.191-b12 mixed mode windows-amd64 compressed oops)
Heap:
 PSYoungGen      total 393728K, used 209563K [0x00000000d5f00000, 0x00000000fac00000, 0x0000000100000000)
  eden space 360960K, 58% used [0x00000000d5f00000,0x00000000e2ba6c20,0x00000000ebf80000)
  from space 32768K, 0% used [0x00000000ebf80000,0x00000000ebf80000,0x00000000edf80000)
  to   space 31232K, 0% used [0x00000000f8d80000,0x00000000f8d80000,0x00000000fac00000)
 ParOldGen       total 62976K, used 29893K [0x0000000081c00000, 0x0000000085980000, 0x00000000d5f00000)
  object space 62976K, 47% used [0x0000000081c00000,0x0000000083931670,0x0000000085980000)
 Metaspace       used 34833K, capacity 35666K, committed 35800K, reserved 1081344K
  class space    used 3883K, capacity 4130K, committed 4224K, reserved 1048576K
GC Heap History (10 events):
Event: 35.206 GC heap before
{Heap before GC invocations=7 (full 1):
 PSYoungGen      total 138240K, used 133120K [0x00000000d5f00000, 0x00000000e7c00000, 0x0000000100000000)
  eden space 133120K, 100% used [0x00000000d5f00000,0x00000000de100000,0x00000000de100000)
  from space 5120K, 0% used [0x00000000de100000,0x00000000de100000,0x00000000de600000)
  to   space 12800K, 0% used [0x00000000e6f80000,0x00000000e6f80000,0x00000000e7c00000)
 ParOldGen       total 62976K, used 12562K [0x0000000081c00000, 0x0000000085980000, 0x00000000d5f00000)
  object space 62976K, 19% used [0x0000000081c00000,0x0000000082844810,0x0000000085980000)
 Metaspace       used 25056K, capacity 25580K, committed 25856K, reserved 1073152K
  class space    used 2874K, capacity 3048K, committed 3072K, reserved 1048576K
Event: 35.234 GC heap after
Heap after GC invocations=7 (full 1):
 PSYoungGen      total 233984K, used 12771K [0x00000000d5f00000, 0x00000000e7c00000, 0x0000000100000000)
  eden space 221184K, 0% used [0x00000000d5f00000,0x00000000d5f00000,0x00000000e3700000)
  from space 12800K, 99% used [0x00000000e6f80000,0x00000000e7bf8e68,0x00000000e7c00000)
  to   space 17920K, 0% used [0x00000000e5900000,0x00000000e5900000,0x00000000e6a80000)
 ParOldGen       total 62976K, used 17284K [0x0000000081c00000, 0x0000000085980000, 0x00000000d5f00000)
  object space 62976K, 27% used [0x0000000081c00000,0x0000000082ce11c0,0x0000000085980000)
 Metaspace       used 25056K, capacity 25580K, committed 25856K, reserved 1073152K
  class space    used 2874K, capacity 3048K, committed 3072K, reserved 1048576K
}
Event: 42.653 GC heap before
{Heap before GC invocations=8 (full 1):
 PSYoungGen      total 233984K, used 233955K [0x00000000d5f00000, 0x00000000e7c00000, 0x0000000100000000)
  eden space 221184K, 100% used [0x00000000d5f00000,0x00000000e3700000,0x00000000e3700000)
  from space 12800K, 99% used [0x00000000e6f80000,0x00000000e7bf8e68,0x00000000e7c00000)
  to   space 17920K, 0% used [0x00000000e5900000,0x00000000e5900000,0x00000000e6a80000)
 ParOldGen       total 62976K, used 17284K [0x0000000081c00000, 0x0000000085980000, 0x00000000d5f00000)
  object space 62976K, 27% used [0x0000000081c00000,0x0000000082ce11c0,0x0000000085980000)
 Metaspace       used 25882K, capacity 26436K, committed 26752K, reserved 1073152K
  class space    used 2920K, capacity 3100K, committed 3200K, reserved 1048576K
Event: 42.724 GC heap after
Heap after GC invocations=8 (full 1):
 PSYoungGen      total 273920K, used 17911K [0x00000000d5f00000, 0x00000000ef980000, 0x0000000100000000)
  eden space 256000K, 0% used [0x00000000d5f00000,0x00000000d5f00000,0x00000000e5900000)
  from space 17920K, 99% used [0x00000000e5900000,0x00000000e6a7de28,0x00000000e6a80000)
  to   space 26624K, 0% used [0x00000000edf80000,0x00000000edf80000,0x00000000ef980000)
 ParOldGen       total 62976K, used 28378K [0x0000000081c00000, 0x0000000085980000, 0x00000000d5f00000)
  object space 62976K, 45% used [0x0000000081c00000,0x00000000837b68a0,0x0000000085980000)
 Metaspace       used 25882K, capacity 26436K, committed 26752K, reserved 1073152K
  class space    used 2920K, capacity 3100K, committed 3200K, reserved 1048576K
}
Event: 64.535 GC heap before
{Heap before GC invocations=9 (full 1):
 PSYoungGen      total 273920K, used 273911K [0x00000000d5f00000, 0x00000000ef980000, 0x0000000100000000)
  eden space 256000K, 100% used [0x00000000d5f00000,0x00000000e5900000,0x00000000e5900000)
  from space 17920K, 99% used [0x00000000e5900000,0x00000000e6a7de28,0x00000000e6a80000)
  to   space 26624K, 0% used [0x00000000edf80000,0x00000000edf80000,0x00000000ef980000)
 ParOldGen       total 62976K, used 28378K [0x0000000081c00000, 0x0000000085980000, 0x00000000d5f00000)
  object space 62976K, 45% used [0x0000000081c00000,0x00000000837b68a0,0x0000000085980000)
 Metaspace       used 31560K, capacity 32350K, committed 32512K, reserved 1077248K
  class space    used 3540K, capacity 3770K, committed 3840K, reserved 1048576K
Event: 64.629 GC heap after
Heap after GC invocations=9 (full 1):
 PSYoungGen      total 387584K, used 26607K [0x00000000d5f00000, 0x00000000f3580000, 0x0000000100000000)
  eden space 360960K, 0% used [0x00000000d5f00000,0x00000000d5f00000,0x00000000ebf80000)
  from space 26624K, 99% used [0x00000000edf80000,0x00000000ef97bcb8,0x00000000ef980000)
  to   space 32768K, 0% used [0x00000000ebf80000,0x00000000ebf80000,0x00000000edf80000)
 ParOldGen       total 62976K, used 30986K [0x0000000081c00000, 0x0000000085980000, 0x00000000d5f00000)
  object space 62976K, 49% used [0x0000000081c00000,0x0000000083a42b60,0x0000000085980000)
 Metaspace       used 31560K, capacity 32350K, committed 32512K, reserved 1077248K
  class space    used 3540K, capacity 3770K, committed 3840K, reserved 1048576K
}
Event: 65.565 GC heap before
{Heap before GC invocations=10 (full 1):
 PSYoungGen      total 387584K, used 54943K [0x00000000d5f00000, 0x00000000f3580000, 0x0000000100000000)
  eden space 360960K, 7% used [0x00000000d5f00000,0x00000000d7aabf50,0x00000000ebf80000)
  from space 26624K, 99% used [0x00000000edf80000,0x00000000ef97bcb8,0x00000000ef980000)
  to   space 32768K, 0% used [0x00000000ebf80000,0x00000000ebf80000,0x00000000edf80000)
 ParOldGen       total 62976K, used 30986K [0x0000000081c00000, 0x0000000085980000, 0x00000000d5f00000)
  object space 62976K, 49% used [0x0000000081c00000,0x0000000083a42b60,0x0000000085980000)
 Metaspace       used 34656K, capacity 35388K, committed 35416K, reserved 1081344K
  class space    used 3895K, capacity 4095K, committed 4096K, reserved 1048576K
Event: 65.635 GC heap after
Heap after GC invocations=10 (full 1):
 PSYoungGen      total 393728K, used 15178K [0x00000000d5f00000, 0x00000000fac00000, 0x0000000100000000)
  eden space 360960K, 0% used [0x00000000d5f00000,0x00000000d5f00000,0x00000000ebf80000)
  from space 32768K, 46% used [0x00000000ebf80000,0x00000000ece529d0,0x00000000edf80000)
  to   space 31232K, 0% used [0x00000000f8d80000,0x00000000f8d80000,0x00000000fac00000)
 ParOldGen       total 62976K, used 42743K [0x0000000081c00000, 0x0000000085980000, 0x00000000d5f00000)
  object space 62976K, 67% used [0x0000000081c00000,0x00000000845bde58,0x0000000085980000)
 Metaspace       used 34656K, capacity 35388K, committed 35416K, reserved 1081344K
  class space    used 3895K, capacity 4095K, committed 4096K, reserved 1048576K
}
Event: 65.635 GC heap before
{Heap before GC invocations=11 (full 2):
 PSYoungGen      total 393728K, used 15178K [0x00000000d5f00000, 0x00000000fac00000, 0x0000000100000000)
  eden space 360960K, 0% used [0x00000000d5f00000,0x00000000d5f00000,0x00000000ebf80000)
  from space 32768K, 46% used [0x00000000ebf80000,0x00000000ece529d0,0x00000000edf80000)
  to   space 31232K, 0% used [0x00000000f8d80000,0x00000000f8d80000,0x00000000fac00000)
 ParOldGen       total 62976K, used 42743K [0x0000000081c00000, 0x0000000085980000, 0x00000000d5f00000)
  object space 62976K, 67% used [0x0000000081c00000,0x00000000845bde58,0x0000000085980000)
 Metaspace       used 34656K, capacity 35388K, committed 35416K, reserved 1081344K
  class space    used 3895K, capacity 4095K, committed 4096K, reserved 1048576K
Event: 65.808 GC heap after
Heap after GC invocations=11 (full 2):
 PSYoungGen      total 393728K, used 0K [0x00000000d5f00000, 0x00000000fac00000, 0x0000000100000000)
  eden space 360960K, 0% used [0x00000000d5f00000,0x00000000d5f00000,0x00000000ebf80000)
  from space 32768K, 0% used [0x00000000ebf80000,0x00000000ebf80000,0x00000000edf80000)
  to   space 31232K, 0% used [0x00000000f8d80000,0x00000000f8d80000,0x00000000fac00000)
 ParOldGen       total 62976K, used 29893K [0x0000000081c00000, 0x0000000085980000, 0x00000000d5f00000)
  object space 62976K, 47% used [0x0000000081c00000,0x0000000083931670,0x0000000085980000)
 Metaspace       used 32881K, capacity 33498K, committed 35416K, reserved 1081344K
  class space    used 3677K, capacity 3850K, committed 4096K, reserved 1048576K
}

